Determining if the pthread_create exist failed with the following output:
Change Dir: /home/suzumiya/CLionProjects/beauty-in-code/cmake-build-debug/CMakeFiles/CMakeTmp

Run Build Command(s):/usr/bin/make cmTC_16105/fast 
/usr/bin/make -f CMakeFiles/cmTC_16105.dir/build.make CMakeFiles/cmTC_16105.dir/build
make[1]: Entering directory '/home/suzumiya/CLionProjects/beauty-in-code/cmake-build-debug/CMakeFiles/CMakeTmp'
Building C object CMakeFiles/cmTC_16105.dir/CheckSymbolExists.c.o
/usr/bin/cc    -o CMakeFiles/cmTC_16105.dir/CheckSymbolExists.c.o   -c /home/suzumiya/CLionProjects/beauty-in-code/cmake-build-debug/CMakeFiles/CMakeTmp/CheckSymbolExists.c
Linking C executable cmTC_16105
/usr/bin/cmake -E cmake_link_script CMakeFiles/cmTC_16105.dir/link.txt --verbose=1
/usr/bin/cc      -rdynamic CMakeFiles/cmTC_16105.dir/CheckSymbolExists.c.o  -o cmTC_16105 
/usr/bin/ld: CMakeFiles/cmTC_16105.dir/CheckSymbolExists.c.o: in function `main':
CheckSymbolExists.c:(.text+0x1b): undefined reference to `pthread_create'
collect2: error: ld returned 1 exit status
make[1]: *** [CMakeFiles/cmTC_16105.dir/build.make:87: cmTC_16105] Error 1
make[1]: Leaving directory '/home/suzumiya/CLionProjects/beauty-in-code/cmake-build-debug/CMakeFiles/CMakeTmp'
make: *** [Makefile:121: cmTC_16105/fast] Error 2

File /home/suzumiya/CLionProjects/beauty-in-code/cmake-build-debug/CMakeFiles/CMakeTmp/CheckSymbolExists.c:
/* */
#include <pthread.h>

int main(int argc, char** argv)
{
  (void)argv;
#ifndef pthread_create
  return ((int*)(&pthread_create))[argc];
#else
  (void)argc;
  return 0;
#endif
}

Determining if the function pthread_create exists in the pthreads failed with the following output:
Change Dir: /home/suzumiya/CLionProjects/beauty-in-code/cmake-build-debug/CMakeFiles/CMakeTmp

Run Build Command(s):/usr/bin/make cmTC_e3c6a/fast 
/usr/bin/make -f CMakeFiles/cmTC_e3c6a.dir/build.make CMakeFiles/cmTC_e3c6a.dir/build
make[1]: Entering directory '/home/suzumiya/CLionProjects/beauty-in-code/cmake-build-debug/CMakeFiles/CMakeTmp'
Building C object CMakeFiles/cmTC_e3c6a.dir/CheckFunctionExists.c.o
/usr/bin/cc   -DCHECK_FUNCTION_EXISTS=pthread_create   -o CMakeFiles/cmTC_e3c6a.dir/CheckFunctionExists.c.o   -c /usr/share/cmake-3.14/Modules/CheckFunctionExists.c
Linking C executable cmTC_e3c6a
/usr/bin/cmake -E cmake_link_script CMakeFiles/cmTC_e3c6a.dir/link.txt --verbose=1
/usr/bin/cc  -DCHECK_FUNCTION_EXISTS=pthread_create    -rdynamic CMakeFiles/cmTC_e3c6a.dir/CheckFunctionExists.c.o  -o cmTC_e3c6a -lpthreads 
/usr/bin/ld: cannot find -lpthreads
collect2: error: ld returned 1 exit status
make[1]: *** [CMakeFiles/cmTC_e3c6a.dir/build.make:87: cmTC_e3c6a] Error 1
make[1]: Leaving directory '/home/suzumiya/CLionProjects/beauty-in-code/cmake-build-debug/CMakeFiles/CMakeTmp'
make: *** [Makefile:121: cmTC_e3c6a/fast] Error 2


